<?xml version="1.0" encoding="UTF-8"?>
<!-- Generated by org.testng.reporters.JUnitReportReporter -->
<testsuite skipped="0" hostname="INL-JW32JM2" name="com.ude.portalen.testcases.MobileToWeb_TC4" tests="1" failures="0" timestamp="01 Oct 2019 09:53:56 GMT" time="109.842" errors="0">
  <testcase name="viewWiFiDataUsage_Settigs" time="109.842" classname="com.ude.portalen.testcases.MobileToWeb_TC4"/>
</testsuite> <!-- com.ude.portalen.testcases.MobileToWeb_TC4 -->
