<?xml version="1.0" encoding="UTF-8"?>
<!-- Generated by org.testng.reporters.JUnitReportReporter -->
<testsuite skipped="0" hostname="INL-JW32JM2" name="com.ude.portalen.testcases.SettingsApp_TC" tests="1" failures="0" timestamp="07 Aug 2019 05:32:44 GMT" time="62.731" errors="0">
  <testcase name="settingsAppNotificationRingtoneSetup" time="62.731" classname="com.ude.portalen.testcases.SettingsApp_TC"/>
</testsuite> <!-- com.ude.portalen.testcases.SettingsApp_TC -->
