<?xml version="1.0" encoding="UTF-8"?>
<!-- Generated by org.testng.reporters.JUnitReportReporter -->
<testsuite skipped="0" hostname="INL-JW32JM2" name="com.ude.portalen.testcases.UDEMA_1984_SendReceive_New_Message" tests="1" failures="0" timestamp="06 Nov 2019 11:53:42 GMT" time="62.462" errors="0">
  <testcase name="photosAppViewSetup" time="62.462" classname="com.ude.portalen.testcases.UDEMA_1984_SendReceive_New_Message"/>
</testsuite> <!-- com.ude.portalen.testcases.UDEMA_1984_SendReceive_New_Message -->
