<?xml version="1.0" encoding="UTF-8"?>
<!-- Generated by org.testng.reporters.JUnitReportReporter -->
<testsuite skipped="0" hostname="INL-JW32JM2" name="com.ude.portalen.testcases.SettingsApp_TC2" tests="1" failures="0" timestamp="01 Oct 2019 09:53:56 GMT" time="151.351" errors="0">
  <testcase name="settingsAppNotificationRingtoneSetup" time="151.351" classname="com.ude.portalen.testcases.SettingsApp_TC2"/>
</testsuite> <!-- com.ude.portalen.testcases.SettingsApp_TC2 -->
