<?xml version="1.0" encoding="UTF-8"?>
<!-- Generated by org.testng.reporters.JUnitReportReporter -->
<testsuite skipped="0" hostname="INL-JW32JM2" name="com.ude.portalen.testcases.PhotosApp_TC1" tests="1" failures="0" timestamp="2019-10-21T16:54:59 IST" time="56.572" errors="0">
  <testcase name="photosAppViewSetup" time="56.572" classname="com.ude.portalen.testcases.PhotosApp_TC1"/>
</testsuite> <!-- com.ude.portalen.testcases.PhotosApp_TC1 -->
